<?xml version="1.0" encoding="UTF-8"?>
<testsuite name="test.java.states.PlayingStateTest" tests="8" skipped="0" failures="0" errors="0" timestamp="2016-06-19T18:26:51" hostname="Gustavo-Gonzalez-2.local" time="9.865">
  <properties/>
  <testcase name="testPlay" classname="test.java.states.PlayingStateTest" time="1.072"/>
  <testcase name="testStop" classname="test.java.states.PlayingStateTest" time="1.18"/>
  <testcase name="testPreviousSong" classname="test.java.states.PlayingStateTest" time="2.171"/>
  <testcase name="testAddPlayList" classname="test.java.states.PlayingStateTest" time="1.117"/>
  <testcase name="testNextSongVolumen" classname="test.java.states.PlayingStateTest" time="1.252"/>
  <testcase name="testPaused" classname="test.java.states.PlayingStateTest" time="1.344"/>
  <testcase name="testValues" classname="test.java.states.PlayingStateTest" time="1.064"/>
  <testcase name="testNextSong" classname="test.java.states.PlayingStateTest" time="0.663"/>
  <system-out><![CDATA[Create Singleton
Delete Singleton
Create Singleton
Delete Singleton
Create Singleton
Delete Singleton
Create Singleton
Delete Singleton
Create Singleton
Delete Singleton
Create Singleton
Delete Singleton
Create Singleton
Delete Singleton
Create Singleton
Delete Singleton
]]></system-out>
  <system-err><![CDATA[Jun 19, 2016 3:26:51 PM javazoom.jlgui.basicplayer.BasicPlayer open
INFO: open(/Users/holawe/IngSoft-2016-HelloWorld/src/main/resources/default songs/Chariots of Fire Theme.mp3)
Jun 19, 2016 3:26:51 PM javazoom.jlgui.basicplayer.BasicPlayer createLine
INFO: Create Line
Jun 19, 2016 3:26:51 PM javazoom.jlgui.basicplayer.BasicPlayer createLine
INFO: Create Line : Source format : MPEG1L3 44100.0 Hz, unknown bits per sample, stereo, unknown frame size, 38.28125 frames/second, 
Jun 19, 2016 3:26:51 PM javazoom.jlgui.basicplayer.BasicPlayer createLine
INFO: Create Line : Target format: PCM_SIGNED 44100.0 Hz, 16 bit, stereo, 4 bytes/frame, little-endian
Jun 19, 2016 3:26:51 PM javazoom.jlgui.basicplayer.BasicPlayer createLine
INFO: Line : com.sun.media.sound.DirectAudioDevice$DirectSDL@22f8a342
Jun 19, 2016 3:26:51 PM javazoom.jlgui.basicplayer.BasicPlayer startPlayback
INFO: startPlayback called
Jun 19, 2016 3:26:51 PM javazoom.jlgui.basicplayer.BasicPlayer initLine
INFO: initLine()
Jun 19, 2016 3:26:51 PM javazoom.jlgui.basicplayer.BasicPlayer openLine
INFO: Open Line : BufferSize=88200
Jun 19, 2016 3:26:51 PM javazoom.jlgui.basicplayer.BasicPlayer openLine
INFO: Master Gain Control : [-80.0,6.0206] 0.625
Jun 19, 2016 3:26:51 PM javazoom.jlgui.basicplayer.BasicPlayer openLine
INFO: Pan Control : [-1.0,1.0] 0.0078125
Jun 19, 2016 3:26:51 PM javazoom.jlgui.basicplayer.BasicPlayer startPlayback
INFO: Creating new thread
Jun 19, 2016 3:26:51 PM javazoom.jlgui.basicplayer.BasicPlayer run
INFO: Thread Running
Jun 19, 2016 3:26:52 PM javazoom.jlgui.basicplayer.BasicPlayer closeStream
INFO: Stream closed
Jun 19, 2016 3:26:52 PM javazoom.jlgui.basicplayer.BasicPlayer closeStream
INFO: Stream closed
Jun 19, 2016 3:26:52 PM javazoom.jlgui.basicplayer.BasicPlayer stopPlayback
INFO: stopPlayback() completed
Jun 19, 2016 3:26:52 PM javazoom.jlgui.basicplayer.BasicPlayer run
INFO: Thread completed
Jun 19, 2016 3:26:53 PM javazoom.jlgui.basicplayer.BasicPlayer open
INFO: open(/Users/holawe/IngSoft-2016-HelloWorld/src/main/resources/default songs/Chariots of Fire Theme.mp3)
Jun 19, 2016 3:26:53 PM javazoom.jlgui.basicplayer.BasicPlayer createLine
INFO: Create Line
Jun 19, 2016 3:26:53 PM javazoom.jlgui.basicplayer.BasicPlayer createLine
INFO: Create Line : Source format : MPEG1L3 44100.0 Hz, unknown bits per sample, stereo, unknown frame size, 38.28125 frames/second, 
Jun 19, 2016 3:26:53 PM javazoom.jlgui.basicplayer.BasicPlayer createLine
INFO: Create Line : Target format: PCM_SIGNED 44100.0 Hz, 16 bit, stereo, 4 bytes/frame, little-endian
Jun 19, 2016 3:26:53 PM javazoom.jlgui.basicplayer.BasicPlayer createLine
INFO: Line : com.sun.media.sound.DirectAudioDevice$DirectSDL@cb61cd5
Jun 19, 2016 3:26:53 PM javazoom.jlgui.basicplayer.BasicPlayer startPlayback
INFO: startPlayback called
Jun 19, 2016 3:26:53 PM javazoom.jlgui.basicplayer.BasicPlayer initLine
INFO: initLine()
Jun 19, 2016 3:26:53 PM javazoom.jlgui.basicplayer.BasicPlayer openLine
INFO: Open Line : BufferSize=88200
Jun 19, 2016 3:26:53 PM javazoom.jlgui.basicplayer.BasicPlayer openLine
INFO: Master Gain Control : [-80.0,6.0206] 0.625
Jun 19, 2016 3:26:53 PM javazoom.jlgui.basicplayer.BasicPlayer openLine
INFO: Pan Control : [-1.0,1.0] 0.0078125
Jun 19, 2016 3:26:53 PM javazoom.jlgui.basicplayer.BasicPlayer startPlayback
INFO: Creating new thread
Jun 19, 2016 3:26:53 PM javazoom.jlgui.basicplayer.BasicPlayer run
INFO: Thread Running
Jun 19, 2016 3:26:54 PM javazoom.jlgui.basicplayer.BasicPlayer closeStream
INFO: Stream closed
Jun 19, 2016 3:26:54 PM javazoom.jlgui.basicplayer.BasicPlayer closeStream
INFO: Stream closed
Jun 19, 2016 3:26:54 PM javazoom.jlgui.basicplayer.BasicPlayer stopPlayback
INFO: stopPlayback() completed
Jun 19, 2016 3:26:54 PM javazoom.jlgui.basicplayer.BasicPlayer run
INFO: Thread completed
Jun 19, 2016 3:26:54 PM javazoom.jlgui.basicplayer.BasicPlayer open
INFO: open(/Users/holawe/IngSoft-2016-HelloWorld/src/main/resources/default songs/Chariots of Fire Theme.mp3)
Jun 19, 2016 3:26:54 PM javazoom.jlgui.basicplayer.BasicPlayer createLine
INFO: Create Line
Jun 19, 2016 3:26:54 PM javazoom.jlgui.basicplayer.BasicPlayer createLine
INFO: Create Line : Source format : MPEG1L3 44100.0 Hz, unknown bits per sample, stereo, unknown frame size, 38.28125 frames/second, 
Jun 19, 2016 3:26:54 PM javazoom.jlgui.basicplayer.BasicPlayer createLine
INFO: Create Line : Target format: PCM_SIGNED 44100.0 Hz, 16 bit, stereo, 4 bytes/frame, little-endian
Jun 19, 2016 3:26:54 PM javazoom.jlgui.basicplayer.BasicPlayer createLine
INFO: Line : com.sun.media.sound.DirectAudioDevice$DirectSDL@1d063254
Jun 19, 2016 3:26:54 PM javazoom.jlgui.basicplayer.BasicPlayer startPlayback
INFO: startPlayback called
Jun 19, 2016 3:26:54 PM javazoom.jlgui.basicplayer.BasicPlayer initLine
INFO: initLine()
Jun 19, 2016 3:26:54 PM javazoom.jlgui.basicplayer.BasicPlayer openLine
INFO: Open Line : BufferSize=88200
Jun 19, 2016 3:26:54 PM javazoom.jlgui.basicplayer.BasicPlayer openLine
INFO: Master Gain Control : [-80.0,6.0206] 0.625
Jun 19, 2016 3:26:54 PM javazoom.jlgui.basicplayer.BasicPlayer openLine
INFO: Pan Control : [-1.0,1.0] 0.0078125
Jun 19, 2016 3:26:54 PM javazoom.jlgui.basicplayer.BasicPlayer startPlayback
INFO: Creating new thread
Jun 19, 2016 3:26:54 PM javazoom.jlgui.basicplayer.BasicPlayer run
INFO: Thread Running
Jun 19, 2016 3:26:54 PM javazoom.jlgui.basicplayer.BasicPlayer open
INFO: open(/Users/holawe/IngSoft-2016-HelloWorld/src/main/resources/default songs/Star Wars Theme.mp3)
Jun 19, 2016 3:26:55 PM javazoom.jlgui.basicplayer.BasicPlayer closeStream
INFO: Stream closed
Jun 19, 2016 3:26:55 PM javazoom.jlgui.basicplayer.BasicPlayer closeStream
INFO: Stream closed
Jun 19, 2016 3:26:55 PM javazoom.jlgui.basicplayer.BasicPlayer run
INFO: Thread completed
Jun 19, 2016 3:26:55 PM javazoom.jlgui.basicplayer.BasicPlayer createLine
INFO: Create Line
Jun 19, 2016 3:26:55 PM javazoom.jlgui.basicplayer.BasicPlayer createLine
INFO: Create Line : Source format : MPEG1L3 44100.0 Hz, unknown bits per sample, stereo, unknown frame size, 38.28125 frames/second, 
Jun 19, 2016 3:26:55 PM javazoom.jlgui.basicplayer.BasicPlayer createLine
INFO: Create Line : Target format: PCM_SIGNED 44100.0 Hz, 16 bit, stereo, 4 bytes/frame, little-endian
Jun 19, 2016 3:26:55 PM javazoom.jlgui.basicplayer.BasicPlayer createLine
INFO: Line : com.sun.media.sound.DirectAudioDevice$DirectSDL@4d8f1c9b
Jun 19, 2016 3:26:55 PM javazoom.jlgui.basicplayer.BasicPlayer startPlayback
INFO: startPlayback called
Jun 19, 2016 3:26:55 PM javazoom.jlgui.basicplayer.BasicPlayer initLine
INFO: initLine()
Jun 19, 2016 3:26:55 PM javazoom.jlgui.basicplayer.BasicPlayer openLine
INFO: Open Line : BufferSize=88200
Jun 19, 2016 3:26:55 PM javazoom.jlgui.basicplayer.BasicPlayer openLine
INFO: Master Gain Control : [-80.0,6.0206] 0.625
Jun 19, 2016 3:26:55 PM javazoom.jlgui.basicplayer.BasicPlayer openLine
INFO: Pan Control : [-1.0,1.0] 0.0078125
Jun 19, 2016 3:26:55 PM javazoom.jlgui.basicplayer.BasicPlayer startPlayback
INFO: Creating new thread
Jun 19, 2016 3:26:55 PM javazoom.jlgui.basicplayer.BasicPlayer run
INFO: Thread Running
Jun 19, 2016 3:26:56 PM javazoom.jlgui.basicplayer.BasicPlayer closeStream
INFO: Stream closed
Jun 19, 2016 3:26:56 PM javazoom.jlgui.basicplayer.BasicPlayer closeStream
INFO: Stream closed
Jun 19, 2016 3:26:56 PM javazoom.jlgui.basicplayer.BasicPlayer stopPlayback
INFO: stopPlayback() completed
Jun 19, 2016 3:26:56 PM javazoom.jlgui.basicplayer.BasicPlayer run
INFO: Thread completed
Jun 19, 2016 3:26:56 PM javazoom.jlgui.basicplayer.BasicPlayer open
INFO: open(/Users/holawe/IngSoft-2016-HelloWorld/src/main/resources/default songs/Chariots of Fire Theme.mp3)
Jun 19, 2016 3:26:56 PM javazoom.jlgui.basicplayer.BasicPlayer createLine
INFO: Create Line
Jun 19, 2016 3:26:56 PM javazoom.jlgui.basicplayer.BasicPlayer createLine
INFO: Create Line : Source format : MPEG1L3 44100.0 Hz, unknown bits per sample, stereo, unknown frame size, 38.28125 frames/second, 
Jun 19, 2016 3:26:56 PM javazoom.jlgui.basicplayer.BasicPlayer createLine
INFO: Create Line : Target format: PCM_SIGNED 44100.0 Hz, 16 bit, stereo, 4 bytes/frame, little-endian
Jun 19, 2016 3:26:56 PM javazoom.jlgui.basicplayer.BasicPlayer createLine
INFO: Line : com.sun.media.sound.DirectAudioDevice$DirectSDL@30afe2bb
Jun 19, 2016 3:26:56 PM javazoom.jlgui.basicplayer.BasicPlayer startPlayback
INFO: startPlayback called
Jun 19, 2016 3:26:56 PM javazoom.jlgui.basicplayer.BasicPlayer initLine
INFO: initLine()
Jun 19, 2016 3:26:56 PM javazoom.jlgui.basicplayer.BasicPlayer openLine
INFO: Open Line : BufferSize=88200
Jun 19, 2016 3:26:56 PM javazoom.jlgui.basicplayer.BasicPlayer openLine
INFO: Master Gain Control : [-80.0,6.0206] 0.625
Jun 19, 2016 3:26:56 PM javazoom.jlgui.basicplayer.BasicPlayer openLine
INFO: Pan Control : [-1.0,1.0] 0.0078125
Jun 19, 2016 3:26:56 PM javazoom.jlgui.basicplayer.BasicPlayer startPlayback
INFO: Creating new thread
Jun 19, 2016 3:26:56 PM javazoom.jlgui.basicplayer.BasicPlayer run
INFO: Thread Running
Jun 19, 2016 3:26:56 PM javazoom.jlgui.basicplayer.BasicPlayer pausePlayback
INFO: pausePlayback() completed
Jun 19, 2016 3:26:57 PM javazoom.jlgui.basicplayer.BasicPlayer closeStream
INFO: Stream closed
Jun 19, 2016 3:26:57 PM javazoom.jlgui.basicplayer.BasicPlayer closeStream
INFO: Stream closed
Jun 19, 2016 3:26:57 PM javazoom.jlgui.basicplayer.BasicPlayer stopPlayback
INFO: stopPlayback() completed
Jun 19, 2016 3:26:57 PM javazoom.jlgui.basicplayer.BasicPlayer run
INFO: Thread completed
Jun 19, 2016 3:26:57 PM javazoom.jlgui.basicplayer.BasicPlayer open
INFO: open(/Users/holawe/IngSoft-2016-HelloWorld/src/main/resources/default songs/Chariots of Fire Theme.mp3)
Jun 19, 2016 3:26:57 PM javazoom.jlgui.basicplayer.BasicPlayer createLine
INFO: Create Line
Jun 19, 2016 3:26:57 PM javazoom.jlgui.basicplayer.BasicPlayer createLine
INFO: Create Line : Source format : MPEG1L3 44100.0 Hz, unknown bits per sample, stereo, unknown frame size, 38.28125 frames/second, 
Jun 19, 2016 3:26:57 PM javazoom.jlgui.basicplayer.BasicPlayer createLine
INFO: Create Line : Target format: PCM_SIGNED 44100.0 Hz, 16 bit, stereo, 4 bytes/frame, little-endian
Jun 19, 2016 3:26:57 PM javazoom.jlgui.basicplayer.BasicPlayer createLine
INFO: Line : com.sun.media.sound.DirectAudioDevice$DirectSDL@4d4d8319
Jun 19, 2016 3:26:57 PM javazoom.jlgui.basicplayer.BasicPlayer startPlayback
INFO: startPlayback called
Jun 19, 2016 3:26:57 PM javazoom.jlgui.basicplayer.BasicPlayer initLine
INFO: initLine()
Jun 19, 2016 3:26:57 PM javazoom.jlgui.basicplayer.BasicPlayer openLine
INFO: Open Line : BufferSize=88200
Jun 19, 2016 3:26:57 PM javazoom.jlgui.basicplayer.BasicPlayer openLine
INFO: Master Gain Control : [-80.0,6.0206] 0.625
Jun 19, 2016 3:26:57 PM javazoom.jlgui.basicplayer.BasicPlayer openLine
INFO: Pan Control : [-1.0,1.0] 0.0078125
Jun 19, 2016 3:26:57 PM javazoom.jlgui.basicplayer.BasicPlayer startPlayback
INFO: Creating new thread
Jun 19, 2016 3:26:57 PM javazoom.jlgui.basicplayer.BasicPlayer run
INFO: Thread Running
Jun 19, 2016 3:26:57 PM javazoom.jlgui.basicplayer.BasicPlayer open
INFO: open(/Users/holawe/IngSoft-2016-HelloWorld/src/main/resources/default songs/Mission Impossible Theme.mp3)
Jun 19, 2016 3:26:58 PM javazoom.jlgui.basicplayer.BasicPlayer closeStream
INFO: Stream closed
Jun 19, 2016 3:26:58 PM javazoom.jlgui.basicplayer.BasicPlayer closeStream
INFO: Stream closed
Jun 19, 2016 3:26:58 PM javazoom.jlgui.basicplayer.BasicPlayer run
INFO: Thread completed
Jun 19, 2016 3:26:58 PM javazoom.jlgui.basicplayer.BasicPlayer createLine
INFO: Create Line
Jun 19, 2016 3:26:58 PM javazoom.jlgui.basicplayer.BasicPlayer createLine
INFO: Create Line : Source format : MPEG1L3 44100.0 Hz, unknown bits per sample, stereo, unknown frame size, 38.28125 frames/second, 
Jun 19, 2016 3:26:58 PM javazoom.jlgui.basicplayer.BasicPlayer createLine
INFO: Create Line : Target format: PCM_SIGNED 44100.0 Hz, 16 bit, stereo, 4 bytes/frame, little-endian
Jun 19, 2016 3:26:58 PM javazoom.jlgui.basicplayer.BasicPlayer createLine
INFO: Line : com.sun.media.sound.DirectAudioDevice$DirectSDL@371b3735
Jun 19, 2016 3:26:58 PM javazoom.jlgui.basicplayer.BasicPlayer startPlayback
INFO: startPlayback called
Jun 19, 2016 3:26:58 PM javazoom.jlgui.basicplayer.BasicPlayer initLine
INFO: initLine()
Jun 19, 2016 3:26:58 PM javazoom.jlgui.basicplayer.BasicPlayer openLine
INFO: Open Line : BufferSize=88200
Jun 19, 2016 3:26:58 PM javazoom.jlgui.basicplayer.BasicPlayer openLine
INFO: Master Gain Control : [-80.0,6.0206] 0.625
Jun 19, 2016 3:26:58 PM javazoom.jlgui.basicplayer.BasicPlayer openLine
INFO: Pan Control : [-1.0,1.0] 0.0078125
Jun 19, 2016 3:26:58 PM javazoom.jlgui.basicplayer.BasicPlayer startPlayback
INFO: Creating new thread
Jun 19, 2016 3:26:58 PM javazoom.jlgui.basicplayer.BasicPlayer run
INFO: Thread Running
Jun 19, 2016 3:26:58 PM javazoom.jlgui.basicplayer.BasicPlayer closeStream
INFO: Stream closed
Jun 19, 2016 3:26:58 PM javazoom.jlgui.basicplayer.BasicPlayer closeStream
INFO: Stream closed
Jun 19, 2016 3:26:58 PM javazoom.jlgui.basicplayer.BasicPlayer stopPlayback
INFO: stopPlayback() completed
Jun 19, 2016 3:26:58 PM javazoom.jlgui.basicplayer.BasicPlayer run
INFO: Thread completed
Jun 19, 2016 3:26:58 PM javazoom.jlgui.basicplayer.BasicPlayer open
INFO: open(/Users/holawe/IngSoft-2016-HelloWorld/src/main/resources/default songs/Chariots of Fire Theme.mp3)
Jun 19, 2016 3:26:58 PM javazoom.jlgui.basicplayer.BasicPlayer createLine
INFO: Create Line
Jun 19, 2016 3:26:58 PM javazoom.jlgui.basicplayer.BasicPlayer createLine
INFO: Create Line : Source format : MPEG1L3 44100.0 Hz, unknown bits per sample, stereo, unknown frame size, 38.28125 frames/second, 
Jun 19, 2016 3:26:58 PM javazoom.jlgui.basicplayer.BasicPlayer createLine
INFO: Create Line : Target format: PCM_SIGNED 44100.0 Hz, 16 bit, stereo, 4 bytes/frame, little-endian
Jun 19, 2016 3:26:58 PM javazoom.jlgui.basicplayer.BasicPlayer createLine
INFO: Line : com.sun.media.sound.DirectAudioDevice$DirectSDL@6eda7fc5
Jun 19, 2016 3:26:58 PM javazoom.jlgui.basicplayer.BasicPlayer startPlayback
INFO: startPlayback called
Jun 19, 2016 3:26:58 PM javazoom.jlgui.basicplayer.BasicPlayer initLine
INFO: initLine()
Jun 19, 2016 3:26:58 PM javazoom.jlgui.basicplayer.BasicPlayer openLine
INFO: Open Line : BufferSize=88200
Jun 19, 2016 3:26:58 PM javazoom.jlgui.basicplayer.BasicPlayer openLine
INFO: Master Gain Control : [-80.0,6.0206] 0.625
Jun 19, 2016 3:26:58 PM javazoom.jlgui.basicplayer.BasicPlayer openLine
INFO: Pan Control : [-1.0,1.0] 0.0078125
Jun 19, 2016 3:26:58 PM javazoom.jlgui.basicplayer.BasicPlayer startPlayback
INFO: Creating new thread
Jun 19, 2016 3:26:58 PM javazoom.jlgui.basicplayer.BasicPlayer run
INFO: Thread Running
Jun 19, 2016 3:26:59 PM javazoom.jlgui.basicplayer.BasicPlayer pausePlayback
INFO: pausePlayback() completed
Jun 19, 2016 3:27:00 PM javazoom.jlgui.basicplayer.BasicPlayer closeStream
INFO: Stream closed
Jun 19, 2016 3:27:00 PM javazoom.jlgui.basicplayer.BasicPlayer closeStream
INFO: Stream closed
Jun 19, 2016 3:27:00 PM javazoom.jlgui.basicplayer.BasicPlayer run
INFO: Thread completed
Jun 19, 2016 3:27:00 PM javazoom.jlgui.basicplayer.BasicPlayer stopPlayback
INFO: stopPlayback() completed
Jun 19, 2016 3:27:00 PM javazoom.jlgui.basicplayer.BasicPlayer open
INFO: open(/Users/holawe/IngSoft-2016-HelloWorld/src/main/resources/default songs/Chariots of Fire Theme.mp3)
Jun 19, 2016 3:27:00 PM javazoom.jlgui.basicplayer.BasicPlayer createLine
INFO: Create Line
Jun 19, 2016 3:27:00 PM javazoom.jlgui.basicplayer.BasicPlayer createLine
INFO: Create Line : Source format : MPEG1L3 44100.0 Hz, unknown bits per sample, stereo, unknown frame size, 38.28125 frames/second, 
Jun 19, 2016 3:27:00 PM javazoom.jlgui.basicplayer.BasicPlayer createLine
INFO: Create Line : Target format: PCM_SIGNED 44100.0 Hz, 16 bit, stereo, 4 bytes/frame, little-endian
Jun 19, 2016 3:27:00 PM javazoom.jlgui.basicplayer.BasicPlayer createLine
INFO: Line : com.sun.media.sound.DirectAudioDevice$DirectSDL@56c0129a
Jun 19, 2016 3:27:00 PM javazoom.jlgui.basicplayer.BasicPlayer startPlayback
INFO: startPlayback called
Jun 19, 2016 3:27:00 PM javazoom.jlgui.basicplayer.BasicPlayer initLine
INFO: initLine()
Jun 19, 2016 3:27:00 PM javazoom.jlgui.basicplayer.BasicPlayer openLine
INFO: Open Line : BufferSize=88200
Jun 19, 2016 3:27:00 PM javazoom.jlgui.basicplayer.BasicPlayer openLine
INFO: Master Gain Control : [-80.0,6.0206] 0.625
Jun 19, 2016 3:27:00 PM javazoom.jlgui.basicplayer.BasicPlayer openLine
INFO: Pan Control : [-1.0,1.0] 0.0078125
Jun 19, 2016 3:27:00 PM javazoom.jlgui.basicplayer.BasicPlayer startPlayback
INFO: Creating new thread
Jun 19, 2016 3:27:00 PM javazoom.jlgui.basicplayer.BasicPlayer run
INFO: Thread Running
Jun 19, 2016 3:27:01 PM javazoom.jlgui.basicplayer.BasicPlayer closeStream
INFO: Stream closed
Jun 19, 2016 3:27:01 PM javazoom.jlgui.basicplayer.BasicPlayer closeStream
INFO: Stream closed
Jun 19, 2016 3:27:01 PM javazoom.jlgui.basicplayer.BasicPlayer stopPlayback
INFO: stopPlayback() completed
Jun 19, 2016 3:27:01 PM javazoom.jlgui.basicplayer.BasicPlayer run
INFO: Thread completed
Jun 19, 2016 3:27:01 PM javazoom.jlgui.basicplayer.BasicPlayer open
INFO: open(/Users/holawe/IngSoft-2016-HelloWorld/src/main/resources/default songs/Chariots of Fire Theme.mp3)
Jun 19, 2016 3:27:01 PM javazoom.jlgui.basicplayer.BasicPlayer createLine
INFO: Create Line
Jun 19, 2016 3:27:01 PM javazoom.jlgui.basicplayer.BasicPlayer createLine
INFO: Create Line : Source format : MPEG1L3 44100.0 Hz, unknown bits per sample, stereo, unknown frame size, 38.28125 frames/second, 
Jun 19, 2016 3:27:01 PM javazoom.jlgui.basicplayer.BasicPlayer createLine
INFO: Create Line : Target format: PCM_SIGNED 44100.0 Hz, 16 bit, stereo, 4 bytes/frame, little-endian
Jun 19, 2016 3:27:01 PM javazoom.jlgui.basicplayer.BasicPlayer createLine
INFO: Line : com.sun.media.sound.DirectAudioDevice$DirectSDL@5dfc4260
Jun 19, 2016 3:27:01 PM javazoom.jlgui.basicplayer.BasicPlayer startPlayback
INFO: startPlayback called
Jun 19, 2016 3:27:01 PM javazoom.jlgui.basicplayer.BasicPlayer initLine
INFO: initLine()
Jun 19, 2016 3:27:01 PM javazoom.jlgui.basicplayer.BasicPlayer openLine
INFO: Open Line : BufferSize=88200
Jun 19, 2016 3:27:01 PM javazoom.jlgui.basicplayer.BasicPlayer openLine
INFO: Master Gain Control : [-80.0,6.0206] 0.625
Jun 19, 2016 3:27:01 PM javazoom.jlgui.basicplayer.BasicPlayer openLine
INFO: Pan Control : [-1.0,1.0] 0.0078125
Jun 19, 2016 3:27:01 PM javazoom.jlgui.basicplayer.BasicPlayer startPlayback
INFO: Creating new thread
Jun 19, 2016 3:27:01 PM javazoom.jlgui.basicplayer.BasicPlayer run
INFO: Thread Running
Jun 19, 2016 3:27:01 PM javazoom.jlgui.basicplayer.BasicPlayer open
INFO: open(/Users/holawe/IngSoft-2016-HelloWorld/src/main/resources/default songs/Mission Impossible Theme.mp3)
Jun 19, 2016 3:27:01 PM javazoom.jlgui.basicplayer.BasicPlayer closeStream
INFO: Stream closed
Jun 19, 2016 3:27:01 PM javazoom.jlgui.basicplayer.BasicPlayer run
INFO: Thread completed
Jun 19, 2016 3:27:01 PM javazoom.jlgui.basicplayer.BasicPlayer closeStream
INFO: Stream closed
Jun 19, 2016 3:27:01 PM javazoom.jlgui.basicplayer.BasicPlayer createLine
INFO: Create Line
Jun 19, 2016 3:27:01 PM javazoom.jlgui.basicplayer.BasicPlayer createLine
INFO: Create Line : Source format : MPEG1L3 44100.0 Hz, unknown bits per sample, stereo, unknown frame size, 38.28125 frames/second, 
Jun 19, 2016 3:27:01 PM javazoom.jlgui.basicplayer.BasicPlayer createLine
INFO: Create Line : Target format: PCM_SIGNED 44100.0 Hz, 16 bit, stereo, 4 bytes/frame, little-endian
Jun 19, 2016 3:27:01 PM javazoom.jlgui.basicplayer.BasicPlayer createLine
INFO: Line : com.sun.media.sound.DirectAudioDevice$DirectSDL@623607d2
Jun 19, 2016 3:27:01 PM javazoom.jlgui.basicplayer.BasicPlayer startPlayback
INFO: startPlayback called
Jun 19, 2016 3:27:01 PM javazoom.jlgui.basicplayer.BasicPlayer initLine
INFO: initLine()
Jun 19, 2016 3:27:01 PM javazoom.jlgui.basicplayer.BasicPlayer openLine
INFO: Open Line : BufferSize=88200
Jun 19, 2016 3:27:01 PM javazoom.jlgui.basicplayer.BasicPlayer openLine
INFO: Master Gain Control : [-80.0,6.0206] 0.625
Jun 19, 2016 3:27:01 PM javazoom.jlgui.basicplayer.BasicPlayer openLine
INFO: Pan Control : [-1.0,1.0] 0.0078125
Jun 19, 2016 3:27:01 PM javazoom.jlgui.basicplayer.BasicPlayer startPlayback
INFO: Creating new thread
Jun 19, 2016 3:27:01 PM javazoom.jlgui.basicplayer.BasicPlayer run
INFO: Thread Running
Jun 19, 2016 3:27:01 PM javazoom.jlgui.basicplayer.BasicPlayer closeStream
INFO: Stream closed
Jun 19, 2016 3:27:01 PM javazoom.jlgui.basicplayer.BasicPlayer closeStream
INFO: Stream closed
Jun 19, 2016 3:27:01 PM javazoom.jlgui.basicplayer.BasicPlayer stopPlayback
INFO: stopPlayback() completed
]]></system-err>
</testsuite>
