<?xml version="1.0" encoding="UTF-8"?>
<testsuite name="test.java.states.EmptyStateTest" tests="1" skipped="0" failures="0" errors="0" timestamp="2017-11-04T19:57:17" hostname="Gustavo-Gonzalez-2.local" time="0.002">
  <properties/>
  <testcase name="testAddPlayList" classname="test.java.states.EmptyStateTest" time="0.002"/>
  <system-out><![CDATA[Create Singleton
Delete Singleton
]]></system-out>
  <system-err><![CDATA[]]></system-err>
</testsuite>
