<?xml version="1.0" encoding="UTF-8"?>
<testsuite name="test.java.models.MP3ModelTest" tests="19" skipped="0" failures="0" errors="0" timestamp="2017-11-04T19:57:08" hostname="Gustavo-Gonzalez-2.local" time="9.764">
  <properties/>
  <testcase name="testGetIndex" classname="test.java.models.MP3ModelTest" time="0.073"/>
  <testcase name="testSetVolumen" classname="test.java.models.MP3ModelTest" time="0.004"/>
  <testcase name="testNextSongAtRemovePlayListItem" classname="test.java.models.MP3ModelTest" time="2.619"/>
  <testcase name="testGetCurrentTrackName" classname="test.java.models.MP3ModelTest" time="1.114"/>
  <testcase name="testClearPlayList" classname="test.java.models.MP3ModelTest" time="0.128"/>
  <testcase name="testPause" classname="test.java.models.MP3ModelTest" time="1.088"/>
  <testcase name="testPlay" classname="test.java.models.MP3ModelTest" time="0.156"/>
  <testcase name="testStop" classname="test.java.models.MP3ModelTest" time="1.055"/>
  <testcase name="testRemovePlayList" classname="test.java.models.MP3ModelTest" time="0.001"/>
  <testcase name="testPlayNow" classname="test.java.models.MP3ModelTest" time="1.209"/>
  <testcase name="testRemoveLastPlayListItem" classname="test.java.models.MP3ModelTest" time="1.082"/>
  <testcase name="testGetCurrentSongDuration" classname="test.java.models.MP3ModelTest" time="0.106"/>
  <testcase name="testIsPlaying" classname="test.java.models.MP3ModelTest" time="1.076"/>
  <testcase name="testAddPlayList" classname="test.java.models.MP3ModelTest" time="0.017"/>
  <testcase name="testGetCurrentPlaylist" classname="test.java.models.MP3ModelTest" time="0.001"/>
  <testcase name="testGetPlaylistSize" classname="test.java.models.MP3ModelTest" time="0.002"/>
  <testcase name="testGetPlayListSize" classname="test.java.models.MP3ModelTest" time="0.016"/>
  <testcase name="testSetIndex" classname="test.java.models.MP3ModelTest" time="0.002"/>
  <testcase name="testSetState" classname="test.java.models.MP3ModelTest" time="0.005"/>
  <system-out><![CDATA[Create Singleton
Delete Singleton
Create Singleton
Delete Singleton
Create Singleton
Delete Singleton
Create Singleton
Delete Singleton
Create Singleton
Delete Singleton
Create Singleton
Delete Singleton
Create Singleton
Delete Singleton
Create Singleton
Delete Singleton
Create Singleton
Delete Singleton
Create Singleton
Delete Singleton
Create Singleton
Delete Singleton
Create Singleton
Delete Singleton
Create Singleton
Delete Singleton
Create Singleton
Delete Singleton
Create Singleton
Delete Singleton
Create Singleton
Delete Singleton
Create Singleton
Delete Singleton
Create Singleton
Delete Singleton
Create Singleton
Delete Singleton
]]></system-out>
  <system-err><![CDATA[Nov 04, 2017 4:57:08 PM javazoom.jlgui.basicplayer.BasicPlayer open
INFO: open(/Users/holawe/Final_Gestion_Calidad_SW/src/main/resources/default songs/Star Wars Theme.mp3)
Nov 04, 2017 4:57:08 PM javazoom.jlgui.basicplayer.BasicPlayer createLine
INFO: Create Line
Nov 04, 2017 4:57:08 PM javazoom.jlgui.basicplayer.BasicPlayer createLine
INFO: Create Line : Source format : MPEG1L3 44100.0 Hz, unknown bits per sample, stereo, unknown frame size, 38.28125 frames/second, 
Nov 04, 2017 4:57:08 PM javazoom.jlgui.basicplayer.BasicPlayer createLine
INFO: Create Line : Target format: PCM_SIGNED 44100.0 Hz, 16 bit, stereo, 4 bytes/frame, little-endian
Nov 04, 2017 4:57:08 PM javazoom.jlgui.basicplayer.BasicPlayer createLine
INFO: Line : com.sun.media.sound.DirectAudioDevice$DirectSDL@400789d7
Nov 04, 2017 4:57:08 PM javazoom.jlgui.basicplayer.BasicPlayer startPlayback
INFO: startPlayback called
Nov 04, 2017 4:57:08 PM javazoom.jlgui.basicplayer.BasicPlayer initLine
INFO: initLine()
Nov 04, 2017 4:57:09 PM javazoom.jlgui.basicplayer.BasicPlayer openLine
INFO: Open Line : BufferSize=88200
Nov 04, 2017 4:57:09 PM javazoom.jlgui.basicplayer.BasicPlayer openLine
INFO: Master Gain Control : [-80.0,6.0206] 0.625
Nov 04, 2017 4:57:09 PM javazoom.jlgui.basicplayer.BasicPlayer openLine
INFO: Pan Control : [-1.0,1.0] 0.0078125
Nov 04, 2017 4:57:09 PM javazoom.jlgui.basicplayer.BasicPlayer startPlayback
INFO: Creating new thread
Nov 04, 2017 4:57:09 PM javazoom.jlgui.basicplayer.BasicPlayer run
INFO: Thread Running
Nov 04, 2017 4:57:10 PM javazoom.jlgui.basicplayer.BasicPlayer closeStream
INFO: Stream closed
Nov 04, 2017 4:57:10 PM javazoom.jlgui.basicplayer.BasicPlayer closeStream
INFO: Stream closed
Nov 04, 2017 4:57:10 PM javazoom.jlgui.basicplayer.BasicPlayer run
INFO: Thread completed
Nov 04, 2017 4:57:10 PM javazoom.jlgui.basicplayer.BasicPlayer stopPlayback
INFO: stopPlayback() completed
Nov 04, 2017 4:57:10 PM javazoom.jlgui.basicplayer.BasicPlayer open
INFO: open(src/main/resources/default songs/Pink Panther Theme.mp3)
Nov 04, 2017 4:57:10 PM javazoom.jlgui.basicplayer.BasicPlayer createLine
INFO: Create Line
Nov 04, 2017 4:57:10 PM javazoom.jlgui.basicplayer.BasicPlayer createLine
INFO: Create Line : Source format : MPEG1L3 44100.0 Hz, unknown bits per sample, stereo, unknown frame size, 38.28125 frames/second, 
Nov 04, 2017 4:57:10 PM javazoom.jlgui.basicplayer.BasicPlayer createLine
INFO: Create Line : Target format: PCM_SIGNED 44100.0 Hz, 16 bit, stereo, 4 bytes/frame, little-endian
Nov 04, 2017 4:57:10 PM javazoom.jlgui.basicplayer.BasicPlayer createLine
INFO: Line : com.sun.media.sound.DirectAudioDevice$DirectSDL@2451984e
Nov 04, 2017 4:57:10 PM javazoom.jlgui.basicplayer.BasicPlayer startPlayback
INFO: startPlayback called
Nov 04, 2017 4:57:10 PM javazoom.jlgui.basicplayer.BasicPlayer initLine
INFO: initLine()
Nov 04, 2017 4:57:10 PM javazoom.jlgui.basicplayer.BasicPlayer openLine
INFO: Open Line : BufferSize=88200
Nov 04, 2017 4:57:10 PM javazoom.jlgui.basicplayer.BasicPlayer openLine
INFO: Master Gain Control : [-80.0,6.0206] 0.625
Nov 04, 2017 4:57:10 PM javazoom.jlgui.basicplayer.BasicPlayer openLine
INFO: Pan Control : [-1.0,1.0] 0.0078125
Nov 04, 2017 4:57:10 PM javazoom.jlgui.basicplayer.BasicPlayer startPlayback
INFO: Creating new thread
Nov 04, 2017 4:57:10 PM javazoom.jlgui.basicplayer.BasicPlayer run
INFO: Thread Running
Nov 04, 2017 4:57:11 PM javazoom.jlgui.basicplayer.BasicPlayer closeStream
INFO: Stream closed
Nov 04, 2017 4:57:11 PM javazoom.jlgui.basicplayer.BasicPlayer closeStream
INFO: Stream closed
Nov 04, 2017 4:57:11 PM javazoom.jlgui.basicplayer.BasicPlayer stopPlayback
INFO: stopPlayback() completed
Nov 04, 2017 4:57:11 PM javazoom.jlgui.basicplayer.BasicPlayer run
INFO: Thread completed
Nov 04, 2017 4:57:12 PM javazoom.jlgui.basicplayer.BasicPlayer open
INFO: open(/Users/holawe/Final_Gestion_Calidad_SW/src/main/resources/default songs/Pink Panther Theme.mp3)
Nov 04, 2017 4:57:12 PM javazoom.jlgui.basicplayer.BasicPlayer createLine
INFO: Create Line
Nov 04, 2017 4:57:12 PM javazoom.jlgui.basicplayer.BasicPlayer createLine
INFO: Create Line : Source format : MPEG1L3 44100.0 Hz, unknown bits per sample, stereo, unknown frame size, 38.28125 frames/second, 
Nov 04, 2017 4:57:12 PM javazoom.jlgui.basicplayer.BasicPlayer createLine
INFO: Create Line : Target format: PCM_SIGNED 44100.0 Hz, 16 bit, stereo, 4 bytes/frame, little-endian
Nov 04, 2017 4:57:12 PM javazoom.jlgui.basicplayer.BasicPlayer createLine
INFO: Line : com.sun.media.sound.DirectAudioDevice$DirectSDL@14671322
Nov 04, 2017 4:57:12 PM javazoom.jlgui.basicplayer.BasicPlayer startPlayback
INFO: startPlayback called
Nov 04, 2017 4:57:12 PM javazoom.jlgui.basicplayer.BasicPlayer initLine
INFO: initLine()
Nov 04, 2017 4:57:12 PM javazoom.jlgui.basicplayer.BasicPlayer openLine
INFO: Open Line : BufferSize=88200
Nov 04, 2017 4:57:12 PM javazoom.jlgui.basicplayer.BasicPlayer openLine
INFO: Master Gain Control : [-80.0,6.0206] 0.625
Nov 04, 2017 4:57:12 PM javazoom.jlgui.basicplayer.BasicPlayer openLine
INFO: Pan Control : [-1.0,1.0] 0.0078125
Nov 04, 2017 4:57:12 PM javazoom.jlgui.basicplayer.BasicPlayer startPlayback
INFO: Creating new thread
Nov 04, 2017 4:57:12 PM javazoom.jlgui.basicplayer.BasicPlayer run
INFO: Thread Running
Nov 04, 2017 4:57:12 PM javazoom.jlgui.basicplayer.BasicPlayer pausePlayback
INFO: pausePlayback() completed
Nov 04, 2017 4:57:13 PM javazoom.jlgui.basicplayer.BasicPlayer closeStream
INFO: Stream closed
Nov 04, 2017 4:57:13 PM javazoom.jlgui.basicplayer.BasicPlayer closeStream
INFO: Stream closed
Nov 04, 2017 4:57:13 PM javazoom.jlgui.basicplayer.BasicPlayer stopPlayback
INFO: stopPlayback() completed
Nov 04, 2017 4:57:13 PM javazoom.jlgui.basicplayer.BasicPlayer open
INFO: open(/Users/holawe/Final_Gestion_Calidad_SW/src/main/resources/default songs/Pink Panther Theme.mp3)
Nov 04, 2017 4:57:13 PM javazoom.jlgui.basicplayer.BasicPlayer run
INFO: Thread completed
Nov 04, 2017 4:57:13 PM javazoom.jlgui.basicplayer.BasicPlayer createLine
INFO: Create Line
Nov 04, 2017 4:57:13 PM javazoom.jlgui.basicplayer.BasicPlayer createLine
INFO: Create Line : Source format : MPEG1L3 44100.0 Hz, unknown bits per sample, stereo, unknown frame size, 38.28125 frames/second, 
Nov 04, 2017 4:57:13 PM javazoom.jlgui.basicplayer.BasicPlayer createLine
INFO: Create Line : Target format: PCM_SIGNED 44100.0 Hz, 16 bit, stereo, 4 bytes/frame, little-endian
Nov 04, 2017 4:57:13 PM javazoom.jlgui.basicplayer.BasicPlayer createLine
INFO: Line : com.sun.media.sound.DirectAudioDevice$DirectSDL@1ce2c669
Nov 04, 2017 4:57:13 PM javazoom.jlgui.basicplayer.BasicPlayer startPlayback
INFO: startPlayback called
Nov 04, 2017 4:57:13 PM javazoom.jlgui.basicplayer.BasicPlayer initLine
INFO: initLine()
Nov 04, 2017 4:57:13 PM javazoom.jlgui.basicplayer.BasicPlayer openLine
INFO: Open Line : BufferSize=88200
Nov 04, 2017 4:57:13 PM javazoom.jlgui.basicplayer.BasicPlayer openLine
INFO: Master Gain Control : [-80.0,6.0206] 0.625
Nov 04, 2017 4:57:13 PM javazoom.jlgui.basicplayer.BasicPlayer openLine
INFO: Pan Control : [-1.0,1.0] 0.0078125
Nov 04, 2017 4:57:13 PM javazoom.jlgui.basicplayer.BasicPlayer startPlayback
INFO: Creating new thread
Nov 04, 2017 4:57:13 PM javazoom.jlgui.basicplayer.BasicPlayer run
INFO: Thread Running
Nov 04, 2017 4:57:13 PM javazoom.jlgui.basicplayer.BasicPlayer closeStream
INFO: Stream closed
Nov 04, 2017 4:57:13 PM javazoom.jlgui.basicplayer.BasicPlayer closeStream
INFO: Stream closed
Nov 04, 2017 4:57:13 PM javazoom.jlgui.basicplayer.BasicPlayer stopPlayback
INFO: stopPlayback() completed
Nov 04, 2017 4:57:13 PM javazoom.jlgui.basicplayer.BasicPlayer open
INFO: open(/Users/holawe/Final_Gestion_Calidad_SW/src/main/resources/default songs/Pink Panther Theme.mp3)
Nov 04, 2017 4:57:13 PM javazoom.jlgui.basicplayer.BasicPlayer createLine
INFO: Create Line
Nov 04, 2017 4:57:13 PM javazoom.jlgui.basicplayer.BasicPlayer createLine
INFO: Create Line : Source format : MPEG1L3 44100.0 Hz, unknown bits per sample, stereo, unknown frame size, 38.28125 frames/second, 
Nov 04, 2017 4:57:13 PM javazoom.jlgui.basicplayer.BasicPlayer createLine
INFO: Create Line : Target format: PCM_SIGNED 44100.0 Hz, 16 bit, stereo, 4 bytes/frame, little-endian
Nov 04, 2017 4:57:13 PM javazoom.jlgui.basicplayer.BasicPlayer createLine
INFO: Line : com.sun.media.sound.DirectAudioDevice$DirectSDL@63520b66
Nov 04, 2017 4:57:13 PM javazoom.jlgui.basicplayer.BasicPlayer startPlayback
INFO: startPlayback called
Nov 04, 2017 4:57:13 PM javazoom.jlgui.basicplayer.BasicPlayer initLine
INFO: initLine()
Nov 04, 2017 4:57:13 PM javazoom.jlgui.basicplayer.BasicPlayer openLine
INFO: Open Line : BufferSize=88200
Nov 04, 2017 4:57:13 PM javazoom.jlgui.basicplayer.BasicPlayer openLine
INFO: Master Gain Control : [-80.0,6.0206] 0.625
Nov 04, 2017 4:57:13 PM javazoom.jlgui.basicplayer.BasicPlayer openLine
INFO: Pan Control : [-1.0,1.0] 0.0078125
Nov 04, 2017 4:57:13 PM javazoom.jlgui.basicplayer.BasicPlayer startPlayback
INFO: Creating new thread
Nov 04, 2017 4:57:13 PM javazoom.jlgui.basicplayer.BasicPlayer run
INFO: Thread Running
Nov 04, 2017 4:57:13 PM javazoom.jlgui.basicplayer.BasicPlayer run
INFO: Thread completed
Nov 04, 2017 4:57:14 PM javazoom.jlgui.basicplayer.BasicPlayer closeStream
INFO: Stream closed
Nov 04, 2017 4:57:14 PM javazoom.jlgui.basicplayer.BasicPlayer closeStream
INFO: Stream closed
Nov 04, 2017 4:57:14 PM javazoom.jlgui.basicplayer.BasicPlayer stopPlayback
INFO: stopPlayback() completed
Nov 04, 2017 4:57:14 PM javazoom.jlgui.basicplayer.BasicPlayer open
INFO: open(/Users/holawe/Final_Gestion_Calidad_SW/src/main/resources/default songs/Pink Panther Theme.mp3)
Nov 04, 2017 4:57:14 PM javazoom.jlgui.basicplayer.BasicPlayer run
INFO: Thread completed
Nov 04, 2017 4:57:14 PM javazoom.jlgui.basicplayer.BasicPlayer createLine
INFO: Create Line
Nov 04, 2017 4:57:14 PM javazoom.jlgui.basicplayer.BasicPlayer createLine
INFO: Create Line : Source format : MPEG1L3 44100.0 Hz, unknown bits per sample, stereo, unknown frame size, 38.28125 frames/second, 
Nov 04, 2017 4:57:14 PM javazoom.jlgui.basicplayer.BasicPlayer createLine
INFO: Create Line : Target format: PCM_SIGNED 44100.0 Hz, 16 bit, stereo, 4 bytes/frame, little-endian
Nov 04, 2017 4:57:14 PM javazoom.jlgui.basicplayer.BasicPlayer createLine
INFO: Line : com.sun.media.sound.DirectAudioDevice$DirectSDL@a0efc59
Nov 04, 2017 4:57:14 PM javazoom.jlgui.basicplayer.BasicPlayer startPlayback
INFO: startPlayback called
Nov 04, 2017 4:57:14 PM javazoom.jlgui.basicplayer.BasicPlayer initLine
INFO: initLine()
Nov 04, 2017 4:57:14 PM javazoom.jlgui.basicplayer.BasicPlayer openLine
INFO: Open Line : BufferSize=88200
Nov 04, 2017 4:57:14 PM javazoom.jlgui.basicplayer.BasicPlayer openLine
INFO: Master Gain Control : [-80.0,6.0206] 0.625
Nov 04, 2017 4:57:14 PM javazoom.jlgui.basicplayer.BasicPlayer openLine
INFO: Pan Control : [-1.0,1.0] 0.0078125
Nov 04, 2017 4:57:14 PM javazoom.jlgui.basicplayer.BasicPlayer startPlayback
INFO: Creating new thread
Nov 04, 2017 4:57:14 PM javazoom.jlgui.basicplayer.BasicPlayer run
INFO: Thread Running
Nov 04, 2017 4:57:15 PM javazoom.jlgui.basicplayer.BasicPlayer closeStream
INFO: Stream closed
Nov 04, 2017 4:57:15 PM javazoom.jlgui.basicplayer.BasicPlayer closeStream
INFO: Stream closed
Nov 04, 2017 4:57:15 PM javazoom.jlgui.basicplayer.BasicPlayer stopPlayback
INFO: stopPlayback() completed
Nov 04, 2017 4:57:15 PM javazoom.jlgui.basicplayer.BasicPlayer open
INFO: open(src/main/resources/default songs/Pink Panther Theme.mp3)
Nov 04, 2017 4:57:15 PM javazoom.jlgui.basicplayer.BasicPlayer run
INFO: Thread completed
Nov 04, 2017 4:57:15 PM javazoom.jlgui.basicplayer.BasicPlayer createLine
INFO: Create Line
Nov 04, 2017 4:57:15 PM javazoom.jlgui.basicplayer.BasicPlayer createLine
INFO: Create Line : Source format : MPEG1L3 44100.0 Hz, unknown bits per sample, stereo, unknown frame size, 38.28125 frames/second, 
Nov 04, 2017 4:57:15 PM javazoom.jlgui.basicplayer.BasicPlayer createLine
INFO: Create Line : Target format: PCM_SIGNED 44100.0 Hz, 16 bit, stereo, 4 bytes/frame, little-endian
Nov 04, 2017 4:57:15 PM javazoom.jlgui.basicplayer.BasicPlayer createLine
INFO: Line : com.sun.media.sound.DirectAudioDevice$DirectSDL@3b3d61eb
Nov 04, 2017 4:57:15 PM javazoom.jlgui.basicplayer.BasicPlayer startPlayback
INFO: startPlayback called
Nov 04, 2017 4:57:15 PM javazoom.jlgui.basicplayer.BasicPlayer initLine
INFO: initLine()
Nov 04, 2017 4:57:15 PM javazoom.jlgui.basicplayer.BasicPlayer openLine
INFO: Open Line : BufferSize=88200
Nov 04, 2017 4:57:15 PM javazoom.jlgui.basicplayer.BasicPlayer openLine
INFO: Master Gain Control : [-80.0,6.0206] 0.625
Nov 04, 2017 4:57:15 PM javazoom.jlgui.basicplayer.BasicPlayer openLine
INFO: Pan Control : [-1.0,1.0] 0.0078125
Nov 04, 2017 4:57:15 PM javazoom.jlgui.basicplayer.BasicPlayer startPlayback
INFO: Creating new thread
Nov 04, 2017 4:57:15 PM javazoom.jlgui.basicplayer.BasicPlayer run
INFO: Thread Running
Nov 04, 2017 4:57:16 PM javazoom.jlgui.basicplayer.BasicPlayer closeStream
INFO: Stream closed
Nov 04, 2017 4:57:16 PM javazoom.jlgui.basicplayer.BasicPlayer closeStream
INFO: Stream closed
Nov 04, 2017 4:57:16 PM javazoom.jlgui.basicplayer.BasicPlayer stopPlayback
INFO: stopPlayback() completed
Nov 04, 2017 4:57:16 PM javazoom.jlgui.basicplayer.BasicPlayer open
INFO: open(src/main/resources/default songs/Pink Panther Theme.mp3)
Nov 04, 2017 4:57:16 PM javazoom.jlgui.basicplayer.BasicPlayer run
INFO: Thread completed
Nov 04, 2017 4:57:16 PM javazoom.jlgui.basicplayer.BasicPlayer createLine
INFO: Create Line
Nov 04, 2017 4:57:16 PM javazoom.jlgui.basicplayer.BasicPlayer createLine
INFO: Create Line : Source format : MPEG1L3 44100.0 Hz, unknown bits per sample, stereo, unknown frame size, 38.28125 frames/second, 
Nov 04, 2017 4:57:16 PM javazoom.jlgui.basicplayer.BasicPlayer createLine
INFO: Create Line : Target format: PCM_SIGNED 44100.0 Hz, 16 bit, stereo, 4 bytes/frame, little-endian
Nov 04, 2017 4:57:16 PM javazoom.jlgui.basicplayer.BasicPlayer createLine
INFO: Line : com.sun.media.sound.DirectAudioDevice$DirectSDL@27b18b7e
Nov 04, 2017 4:57:16 PM javazoom.jlgui.basicplayer.BasicPlayer startPlayback
INFO: startPlayback called
Nov 04, 2017 4:57:16 PM javazoom.jlgui.basicplayer.BasicPlayer initLine
INFO: initLine()
Nov 04, 2017 4:57:16 PM javazoom.jlgui.basicplayer.BasicPlayer openLine
INFO: Open Line : BufferSize=88200
Nov 04, 2017 4:57:16 PM javazoom.jlgui.basicplayer.BasicPlayer openLine
INFO: Master Gain Control : [-80.0,6.0206] 0.625
Nov 04, 2017 4:57:16 PM javazoom.jlgui.basicplayer.BasicPlayer openLine
INFO: Pan Control : [-1.0,1.0] 0.0078125
Nov 04, 2017 4:57:16 PM javazoom.jlgui.basicplayer.BasicPlayer startPlayback
INFO: Creating new thread
Nov 04, 2017 4:57:16 PM javazoom.jlgui.basicplayer.BasicPlayer run
INFO: Thread Running
Nov 04, 2017 4:57:16 PM javazoom.jlgui.basicplayer.BasicPlayer closeStream
INFO: Stream closed
Nov 04, 2017 4:57:16 PM javazoom.jlgui.basicplayer.BasicPlayer closeStream
INFO: Stream closed
Nov 04, 2017 4:57:16 PM javazoom.jlgui.basicplayer.BasicPlayer stopPlayback
INFO: stopPlayback() completed
Nov 04, 2017 4:57:16 PM javazoom.jlgui.basicplayer.BasicPlayer run
INFO: Thread completed
Nov 04, 2017 4:57:16 PM javazoom.jlgui.basicplayer.BasicPlayer open
INFO: open(/Users/holawe/Final_Gestion_Calidad_SW/src/main/resources/default songs/Pink Panther Theme.mp3)
Nov 04, 2017 4:57:16 PM javazoom.jlgui.basicplayer.BasicPlayer createLine
INFO: Create Line
Nov 04, 2017 4:57:16 PM javazoom.jlgui.basicplayer.BasicPlayer createLine
INFO: Create Line : Source format : MPEG1L3 44100.0 Hz, unknown bits per sample, stereo, unknown frame size, 38.28125 frames/second, 
Nov 04, 2017 4:57:16 PM javazoom.jlgui.basicplayer.BasicPlayer createLine
INFO: Create Line : Target format: PCM_SIGNED 44100.0 Hz, 16 bit, stereo, 4 bytes/frame, little-endian
Nov 04, 2017 4:57:16 PM javazoom.jlgui.basicplayer.BasicPlayer createLine
INFO: Line : com.sun.media.sound.DirectAudioDevice$DirectSDL@45dce375
Nov 04, 2017 4:57:16 PM javazoom.jlgui.basicplayer.BasicPlayer startPlayback
INFO: startPlayback called
Nov 04, 2017 4:57:16 PM javazoom.jlgui.basicplayer.BasicPlayer initLine
INFO: initLine()
Nov 04, 2017 4:57:16 PM javazoom.jlgui.basicplayer.BasicPlayer openLine
INFO: Open Line : BufferSize=88200
Nov 04, 2017 4:57:16 PM javazoom.jlgui.basicplayer.BasicPlayer openLine
INFO: Master Gain Control : [-80.0,6.0206] 0.625
Nov 04, 2017 4:57:16 PM javazoom.jlgui.basicplayer.BasicPlayer openLine
INFO: Pan Control : [-1.0,1.0] 0.0078125
Nov 04, 2017 4:57:16 PM javazoom.jlgui.basicplayer.BasicPlayer startPlayback
INFO: Creating new thread
Nov 04, 2017 4:57:16 PM javazoom.jlgui.basicplayer.BasicPlayer run
INFO: Thread Running
Nov 04, 2017 4:57:17 PM javazoom.jlgui.basicplayer.BasicPlayer closeStream
INFO: Stream closed
Nov 04, 2017 4:57:17 PM javazoom.jlgui.basicplayer.BasicPlayer closeStream
INFO: Stream closed
Nov 04, 2017 4:57:17 PM javazoom.jlgui.basicplayer.BasicPlayer stopPlayback
INFO: stopPlayback() completed
Nov 04, 2017 4:57:17 PM javazoom.jlgui.basicplayer.BasicPlayer run
INFO: Thread completed
]]></system-err>
</testsuite>
