<?xml version="1.0" encoding="UTF-8"?>
<testsuite name="test.java.models.MP3ModelTest" tests="19" skipped="0" failures="0" errors="0" timestamp="2016-06-19T18:26:34" hostname="Gustavo-Gonzalez-2.local" time="14.987">
  <properties/>
  <testcase name="testGetIndex" classname="test.java.models.MP3ModelTest" time="0.329"/>
  <testcase name="testSetVolumen" classname="test.java.models.MP3ModelTest" time="0.004"/>
  <testcase name="testNextSongAtRemovePlayListItem" classname="test.java.models.MP3ModelTest" time="4.16"/>
  <testcase name="testGetCurrentTrackName" classname="test.java.models.MP3ModelTest" time="1.733"/>
  <testcase name="testClearPlayList" classname="test.java.models.MP3ModelTest" time="0.464"/>
  <testcase name="testPause" classname="test.java.models.MP3ModelTest" time="1.067"/>
  <testcase name="testPlay" classname="test.java.models.MP3ModelTest" time="1.081"/>
  <testcase name="testStop" classname="test.java.models.MP3ModelTest" time="1.088"/>
  <testcase name="testRemovePlayList" classname="test.java.models.MP3ModelTest" time="0.011"/>
  <testcase name="testPlayNow" classname="test.java.models.MP3ModelTest" time="1.09"/>
  <testcase name="testRemoveLastPlayListItem" classname="test.java.models.MP3ModelTest" time="1.063"/>
  <testcase name="testGetCurrentSongDuration" classname="test.java.models.MP3ModelTest" time="1.082"/>
  <testcase name="testIsPlaying" classname="test.java.models.MP3ModelTest" time="1.118"/>
  <testcase name="testAddPlayList" classname="test.java.models.MP3ModelTest" time="0.504"/>
  <testcase name="testGetCurrentPlaylist" classname="test.java.models.MP3ModelTest" time="0.002"/>
  <testcase name="testGetPlaylistSize" classname="test.java.models.MP3ModelTest" time="0.006"/>
  <testcase name="testGetPlayListSize" classname="test.java.models.MP3ModelTest" time="0.172"/>
  <testcase name="testSetIndex" classname="test.java.models.MP3ModelTest" time="0.002"/>
  <testcase name="testSetState" classname="test.java.models.MP3ModelTest" time="0.004"/>
  <system-out><![CDATA[Create Singleton
Delete Singleton
Create Singleton
Delete Singleton
Create Singleton
Delete Singleton
Create Singleton
Delete Singleton
Create Singleton
Delete Singleton
Create Singleton
Delete Singleton
Create Singleton
Delete Singleton
Create Singleton
Delete Singleton
Create Singleton
Delete Singleton
Create Singleton
Delete Singleton
Create Singleton
Delete Singleton
Create Singleton
Delete Singleton
Create Singleton
Delete Singleton
Create Singleton
Delete Singleton
Create Singleton
Delete Singleton
Create Singleton
Delete Singleton
Create Singleton
Delete Singleton
Create Singleton
Delete Singleton
Create Singleton
Delete Singleton
]]></system-out>
  <system-err><![CDATA[Jun 19, 2016 3:26:34 PM javazoom.jlgui.basicplayer.BasicPlayer open
INFO: open(/Users/holawe/IngSoft-2016-HelloWorld/src/main/resources/default songs/Star Wars Theme.mp3)
Jun 19, 2016 3:26:35 PM javazoom.jlgui.basicplayer.BasicPlayer createLine
INFO: Create Line
Jun 19, 2016 3:26:35 PM javazoom.jlgui.basicplayer.BasicPlayer createLine
INFO: Create Line : Source format : MPEG1L3 44100.0 Hz, unknown bits per sample, stereo, unknown frame size, 38.28125 frames/second, 
Jun 19, 2016 3:26:35 PM javazoom.jlgui.basicplayer.BasicPlayer createLine
INFO: Create Line : Target format: PCM_SIGNED 44100.0 Hz, 16 bit, stereo, 4 bytes/frame, little-endian
Jun 19, 2016 3:26:35 PM javazoom.jlgui.basicplayer.BasicPlayer createLine
INFO: Line : com.sun.media.sound.DirectAudioDevice$DirectSDL@5fef5a29
Jun 19, 2016 3:26:35 PM javazoom.jlgui.basicplayer.BasicPlayer startPlayback
INFO: startPlayback called
Jun 19, 2016 3:26:35 PM javazoom.jlgui.basicplayer.BasicPlayer initLine
INFO: initLine()
Jun 19, 2016 3:26:37 PM javazoom.jlgui.basicplayer.BasicPlayer openLine
INFO: Open Line : BufferSize=88200
Jun 19, 2016 3:26:37 PM javazoom.jlgui.basicplayer.BasicPlayer openLine
INFO: Master Gain Control : [-80.0,6.0206] 0.625
Jun 19, 2016 3:26:37 PM javazoom.jlgui.basicplayer.BasicPlayer openLine
INFO: Pan Control : [-1.0,1.0] 0.0078125
Jun 19, 2016 3:26:37 PM javazoom.jlgui.basicplayer.BasicPlayer startPlayback
INFO: Creating new thread
Jun 19, 2016 3:26:37 PM javazoom.jlgui.basicplayer.BasicPlayer run
INFO: Thread Running
Jun 19, 2016 3:26:38 PM javazoom.jlgui.basicplayer.BasicPlayer closeStream
INFO: Stream closed
Jun 19, 2016 3:26:38 PM javazoom.jlgui.basicplayer.BasicPlayer closeStream
INFO: Stream closed
Jun 19, 2016 3:26:38 PM javazoom.jlgui.basicplayer.BasicPlayer stopPlayback
INFO: stopPlayback() completed
Jun 19, 2016 3:26:38 PM javazoom.jlgui.basicplayer.BasicPlayer run
INFO: Thread completed
Jun 19, 2016 3:26:38 PM javazoom.jlgui.basicplayer.BasicPlayer open
INFO: open(src/main/resources/default songs/Pink Panther Theme.mp3)
Jun 19, 2016 3:26:39 PM javazoom.jlgui.basicplayer.BasicPlayer createLine
INFO: Create Line
Jun 19, 2016 3:26:39 PM javazoom.jlgui.basicplayer.BasicPlayer createLine
INFO: Create Line : Source format : MPEG1L3 44100.0 Hz, unknown bits per sample, stereo, unknown frame size, 38.28125 frames/second, 
Jun 19, 2016 3:26:39 PM javazoom.jlgui.basicplayer.BasicPlayer createLine
INFO: Create Line : Target format: PCM_SIGNED 44100.0 Hz, 16 bit, stereo, 4 bytes/frame, little-endian
Jun 19, 2016 3:26:39 PM javazoom.jlgui.basicplayer.BasicPlayer createLine
INFO: Line : com.sun.media.sound.DirectAudioDevice$DirectSDL@4e314124
Jun 19, 2016 3:26:39 PM javazoom.jlgui.basicplayer.BasicPlayer startPlayback
INFO: startPlayback called
Jun 19, 2016 3:26:39 PM javazoom.jlgui.basicplayer.BasicPlayer initLine
INFO: initLine()
Jun 19, 2016 3:26:39 PM javazoom.jlgui.basicplayer.BasicPlayer openLine
INFO: Open Line : BufferSize=88200
Jun 19, 2016 3:26:39 PM javazoom.jlgui.basicplayer.BasicPlayer openLine
INFO: Master Gain Control : [-80.0,6.0206] 0.625
Jun 19, 2016 3:26:39 PM javazoom.jlgui.basicplayer.BasicPlayer openLine
INFO: Pan Control : [-1.0,1.0] 0.0078125
Jun 19, 2016 3:26:39 PM javazoom.jlgui.basicplayer.BasicPlayer startPlayback
INFO: Creating new thread
Jun 19, 2016 3:26:39 PM javazoom.jlgui.basicplayer.BasicPlayer run
INFO: Thread Running
Jun 19, 2016 3:26:40 PM javazoom.jlgui.basicplayer.BasicPlayer closeStream
INFO: Stream closed
Jun 19, 2016 3:26:40 PM javazoom.jlgui.basicplayer.BasicPlayer closeStream
INFO: Stream closed
Jun 19, 2016 3:26:40 PM javazoom.jlgui.basicplayer.BasicPlayer stopPlayback
INFO: stopPlayback() completed
Jun 19, 2016 3:26:40 PM javazoom.jlgui.basicplayer.BasicPlayer run
INFO: Thread completed
Jun 19, 2016 3:26:41 PM javazoom.jlgui.basicplayer.BasicPlayer open
INFO: open(/Users/holawe/IngSoft-2016-HelloWorld/src/main/resources/default songs/Pink Panther Theme.mp3)
Jun 19, 2016 3:26:41 PM javazoom.jlgui.basicplayer.BasicPlayer createLine
INFO: Create Line
Jun 19, 2016 3:26:41 PM javazoom.jlgui.basicplayer.BasicPlayer createLine
INFO: Create Line : Source format : MPEG1L3 44100.0 Hz, unknown bits per sample, stereo, unknown frame size, 38.28125 frames/second, 
Jun 19, 2016 3:26:41 PM javazoom.jlgui.basicplayer.BasicPlayer createLine
INFO: Create Line : Target format: PCM_SIGNED 44100.0 Hz, 16 bit, stereo, 4 bytes/frame, little-endian
Jun 19, 2016 3:26:41 PM javazoom.jlgui.basicplayer.BasicPlayer createLine
INFO: Line : com.sun.media.sound.DirectAudioDevice$DirectSDL@1e630df
Jun 19, 2016 3:26:41 PM javazoom.jlgui.basicplayer.BasicPlayer startPlayback
INFO: startPlayback called
Jun 19, 2016 3:26:41 PM javazoom.jlgui.basicplayer.BasicPlayer initLine
INFO: initLine()
Jun 19, 2016 3:26:41 PM javazoom.jlgui.basicplayer.BasicPlayer openLine
INFO: Open Line : BufferSize=88200
Jun 19, 2016 3:26:41 PM javazoom.jlgui.basicplayer.BasicPlayer openLine
INFO: Master Gain Control : [-80.0,6.0206] 0.625
Jun 19, 2016 3:26:41 PM javazoom.jlgui.basicplayer.BasicPlayer openLine
INFO: Pan Control : [-1.0,1.0] 0.0078125
Jun 19, 2016 3:26:41 PM javazoom.jlgui.basicplayer.BasicPlayer startPlayback
INFO: Creating new thread
Jun 19, 2016 3:26:41 PM javazoom.jlgui.basicplayer.BasicPlayer run
INFO: Thread Running
Jun 19, 2016 3:26:41 PM javazoom.jlgui.basicplayer.BasicPlayer pausePlayback
INFO: pausePlayback() completed
Jun 19, 2016 3:26:42 PM javazoom.jlgui.basicplayer.BasicPlayer closeStream
INFO: Stream closed
Jun 19, 2016 3:26:42 PM javazoom.jlgui.basicplayer.BasicPlayer closeStream
INFO: Stream closed
Jun 19, 2016 3:26:42 PM javazoom.jlgui.basicplayer.BasicPlayer stopPlayback
INFO: stopPlayback() completed
Jun 19, 2016 3:26:42 PM javazoom.jlgui.basicplayer.BasicPlayer open
INFO: open(/Users/holawe/IngSoft-2016-HelloWorld/src/main/resources/default songs/Pink Panther Theme.mp3)
Jun 19, 2016 3:26:42 PM javazoom.jlgui.basicplayer.BasicPlayer run
INFO: Thread completed
Jun 19, 2016 3:26:42 PM javazoom.jlgui.basicplayer.BasicPlayer createLine
INFO: Create Line
Jun 19, 2016 3:26:42 PM javazoom.jlgui.basicplayer.BasicPlayer createLine
INFO: Create Line : Source format : MPEG1L3 44100.0 Hz, unknown bits per sample, stereo, unknown frame size, 38.28125 frames/second, 
Jun 19, 2016 3:26:42 PM javazoom.jlgui.basicplayer.BasicPlayer createLine
INFO: Create Line : Target format: PCM_SIGNED 44100.0 Hz, 16 bit, stereo, 4 bytes/frame, little-endian
Jun 19, 2016 3:26:42 PM javazoom.jlgui.basicplayer.BasicPlayer createLine
INFO: Line : com.sun.media.sound.DirectAudioDevice$DirectSDL@2be7b9c3
Jun 19, 2016 3:26:42 PM javazoom.jlgui.basicplayer.BasicPlayer startPlayback
INFO: startPlayback called
Jun 19, 2016 3:26:42 PM javazoom.jlgui.basicplayer.BasicPlayer initLine
INFO: initLine()
Jun 19, 2016 3:26:42 PM javazoom.jlgui.basicplayer.BasicPlayer openLine
INFO: Open Line : BufferSize=88200
Jun 19, 2016 3:26:42 PM javazoom.jlgui.basicplayer.BasicPlayer openLine
INFO: Master Gain Control : [-80.0,6.0206] 0.625
Jun 19, 2016 3:26:42 PM javazoom.jlgui.basicplayer.BasicPlayer openLine
INFO: Pan Control : [-1.0,1.0] 0.0078125
Jun 19, 2016 3:26:42 PM javazoom.jlgui.basicplayer.BasicPlayer startPlayback
INFO: Creating new thread
Jun 19, 2016 3:26:42 PM javazoom.jlgui.basicplayer.BasicPlayer run
INFO: Thread Running
Jun 19, 2016 3:26:43 PM javazoom.jlgui.basicplayer.BasicPlayer closeStream
INFO: Stream closed
Jun 19, 2016 3:26:43 PM javazoom.jlgui.basicplayer.BasicPlayer closeStream
INFO: Stream closed
Jun 19, 2016 3:26:43 PM javazoom.jlgui.basicplayer.BasicPlayer stopPlayback
INFO: stopPlayback() completed
Jun 19, 2016 3:26:43 PM javazoom.jlgui.basicplayer.BasicPlayer run
INFO: Thread completed
Jun 19, 2016 3:26:43 PM javazoom.jlgui.basicplayer.BasicPlayer open
INFO: open(/Users/holawe/IngSoft-2016-HelloWorld/src/main/resources/default songs/Pink Panther Theme.mp3)
Jun 19, 2016 3:26:43 PM javazoom.jlgui.basicplayer.BasicPlayer createLine
INFO: Create Line
Jun 19, 2016 3:26:43 PM javazoom.jlgui.basicplayer.BasicPlayer createLine
INFO: Create Line : Source format : MPEG1L3 44100.0 Hz, unknown bits per sample, stereo, unknown frame size, 38.28125 frames/second, 
Jun 19, 2016 3:26:43 PM javazoom.jlgui.basicplayer.BasicPlayer createLine
INFO: Create Line : Target format: PCM_SIGNED 44100.0 Hz, 16 bit, stereo, 4 bytes/frame, little-endian
Jun 19, 2016 3:26:43 PM javazoom.jlgui.basicplayer.BasicPlayer createLine
INFO: Line : com.sun.media.sound.DirectAudioDevice$DirectSDL@337034f3
Jun 19, 2016 3:26:43 PM javazoom.jlgui.basicplayer.BasicPlayer startPlayback
INFO: startPlayback called
Jun 19, 2016 3:26:43 PM javazoom.jlgui.basicplayer.BasicPlayer initLine
INFO: initLine()
Jun 19, 2016 3:26:43 PM javazoom.jlgui.basicplayer.BasicPlayer openLine
INFO: Open Line : BufferSize=88200
Jun 19, 2016 3:26:43 PM javazoom.jlgui.basicplayer.BasicPlayer openLine
INFO: Master Gain Control : [-80.0,6.0206] 0.625
Jun 19, 2016 3:26:43 PM javazoom.jlgui.basicplayer.BasicPlayer openLine
INFO: Pan Control : [-1.0,1.0] 0.0078125
Jun 19, 2016 3:26:43 PM javazoom.jlgui.basicplayer.BasicPlayer startPlayback
INFO: Creating new thread
Jun 19, 2016 3:26:43 PM javazoom.jlgui.basicplayer.BasicPlayer run
INFO: Thread Running
Jun 19, 2016 3:26:44 PM javazoom.jlgui.basicplayer.BasicPlayer closeStream
INFO: Stream closed
Jun 19, 2016 3:26:44 PM javazoom.jlgui.basicplayer.BasicPlayer closeStream
INFO: Stream closed
Jun 19, 2016 3:26:44 PM javazoom.jlgui.basicplayer.BasicPlayer stopPlayback
INFO: stopPlayback() completed
Jun 19, 2016 3:26:44 PM javazoom.jlgui.basicplayer.BasicPlayer open
INFO: open(/Users/holawe/IngSoft-2016-HelloWorld/src/main/resources/default songs/Pink Panther Theme.mp3)
Jun 19, 2016 3:26:44 PM javazoom.jlgui.basicplayer.BasicPlayer run
INFO: Thread completed
Jun 19, 2016 3:26:44 PM javazoom.jlgui.basicplayer.BasicPlayer createLine
INFO: Create Line
Jun 19, 2016 3:26:44 PM javazoom.jlgui.basicplayer.BasicPlayer createLine
INFO: Create Line : Source format : MPEG1L3 44100.0 Hz, unknown bits per sample, stereo, unknown frame size, 38.28125 frames/second, 
Jun 19, 2016 3:26:44 PM javazoom.jlgui.basicplayer.BasicPlayer createLine
INFO: Create Line : Target format: PCM_SIGNED 44100.0 Hz, 16 bit, stereo, 4 bytes/frame, little-endian
Jun 19, 2016 3:26:44 PM javazoom.jlgui.basicplayer.BasicPlayer createLine
INFO: Line : com.sun.media.sound.DirectAudioDevice$DirectSDL@59581c95
Jun 19, 2016 3:26:44 PM javazoom.jlgui.basicplayer.BasicPlayer startPlayback
INFO: startPlayback called
Jun 19, 2016 3:26:44 PM javazoom.jlgui.basicplayer.BasicPlayer initLine
INFO: initLine()
Jun 19, 2016 3:26:44 PM javazoom.jlgui.basicplayer.BasicPlayer openLine
INFO: Open Line : BufferSize=88200
Jun 19, 2016 3:26:44 PM javazoom.jlgui.basicplayer.BasicPlayer openLine
INFO: Master Gain Control : [-80.0,6.0206] 0.625
Jun 19, 2016 3:26:44 PM javazoom.jlgui.basicplayer.BasicPlayer openLine
INFO: Pan Control : [-1.0,1.0] 0.0078125
Jun 19, 2016 3:26:44 PM javazoom.jlgui.basicplayer.BasicPlayer startPlayback
INFO: Creating new thread
Jun 19, 2016 3:26:44 PM javazoom.jlgui.basicplayer.BasicPlayer run
INFO: Thread Running
Jun 19, 2016 3:26:45 PM javazoom.jlgui.basicplayer.BasicPlayer closeStream
INFO: Stream closed
Jun 19, 2016 3:26:45 PM javazoom.jlgui.basicplayer.BasicPlayer closeStream
INFO: Stream closed
Jun 19, 2016 3:26:45 PM javazoom.jlgui.basicplayer.BasicPlayer stopPlayback
INFO: stopPlayback() completed
Jun 19, 2016 3:26:45 PM javazoom.jlgui.basicplayer.BasicPlayer open
INFO: open(src/main/resources/default songs/Pink Panther Theme.mp3)
Jun 19, 2016 3:26:45 PM javazoom.jlgui.basicplayer.BasicPlayer run
INFO: Thread completed
Jun 19, 2016 3:26:45 PM javazoom.jlgui.basicplayer.BasicPlayer createLine
INFO: Create Line
Jun 19, 2016 3:26:45 PM javazoom.jlgui.basicplayer.BasicPlayer createLine
INFO: Create Line : Source format : MPEG1L3 44100.0 Hz, unknown bits per sample, stereo, unknown frame size, 38.28125 frames/second, 
Jun 19, 2016 3:26:45 PM javazoom.jlgui.basicplayer.BasicPlayer createLine
INFO: Create Line : Target format: PCM_SIGNED 44100.0 Hz, 16 bit, stereo, 4 bytes/frame, little-endian
Jun 19, 2016 3:26:45 PM javazoom.jlgui.basicplayer.BasicPlayer createLine
INFO: Line : com.sun.media.sound.DirectAudioDevice$DirectSDL@3d4bf63e
Jun 19, 2016 3:26:45 PM javazoom.jlgui.basicplayer.BasicPlayer startPlayback
INFO: startPlayback called
Jun 19, 2016 3:26:45 PM javazoom.jlgui.basicplayer.BasicPlayer initLine
INFO: initLine()
Jun 19, 2016 3:26:45 PM javazoom.jlgui.basicplayer.BasicPlayer openLine
INFO: Open Line : BufferSize=88200
Jun 19, 2016 3:26:45 PM javazoom.jlgui.basicplayer.BasicPlayer openLine
INFO: Master Gain Control : [-80.0,6.0206] 0.625
Jun 19, 2016 3:26:45 PM javazoom.jlgui.basicplayer.BasicPlayer openLine
INFO: Pan Control : [-1.0,1.0] 0.0078125
Jun 19, 2016 3:26:45 PM javazoom.jlgui.basicplayer.BasicPlayer startPlayback
INFO: Creating new thread
Jun 19, 2016 3:26:45 PM javazoom.jlgui.basicplayer.BasicPlayer run
INFO: Thread Running
Jun 19, 2016 3:26:46 PM javazoom.jlgui.basicplayer.BasicPlayer closeStream
INFO: Stream closed
Jun 19, 2016 3:26:46 PM javazoom.jlgui.basicplayer.BasicPlayer closeStream
INFO: Stream closed
Jun 19, 2016 3:26:46 PM javazoom.jlgui.basicplayer.BasicPlayer stopPlayback
INFO: stopPlayback() completed
Jun 19, 2016 3:26:46 PM javazoom.jlgui.basicplayer.BasicPlayer open
INFO: open(src/main/resources/default songs/Pink Panther Theme.mp3)
Jun 19, 2016 3:26:46 PM javazoom.jlgui.basicplayer.BasicPlayer run
INFO: Thread completed
Jun 19, 2016 3:26:46 PM javazoom.jlgui.basicplayer.BasicPlayer createLine
INFO: Create Line
Jun 19, 2016 3:26:46 PM javazoom.jlgui.basicplayer.BasicPlayer createLine
INFO: Create Line : Source format : MPEG1L3 44100.0 Hz, unknown bits per sample, stereo, unknown frame size, 38.28125 frames/second, 
Jun 19, 2016 3:26:46 PM javazoom.jlgui.basicplayer.BasicPlayer createLine
INFO: Create Line : Target format: PCM_SIGNED 44100.0 Hz, 16 bit, stereo, 4 bytes/frame, little-endian
Jun 19, 2016 3:26:46 PM javazoom.jlgui.basicplayer.BasicPlayer createLine
INFO: Line : com.sun.media.sound.DirectAudioDevice$DirectSDL@cff3d69
Jun 19, 2016 3:26:46 PM javazoom.jlgui.basicplayer.BasicPlayer startPlayback
INFO: startPlayback called
Jun 19, 2016 3:26:46 PM javazoom.jlgui.basicplayer.BasicPlayer initLine
INFO: initLine()
Jun 19, 2016 3:26:46 PM javazoom.jlgui.basicplayer.BasicPlayer openLine
INFO: Open Line : BufferSize=88200
Jun 19, 2016 3:26:46 PM javazoom.jlgui.basicplayer.BasicPlayer openLine
INFO: Master Gain Control : [-80.0,6.0206] 0.625
Jun 19, 2016 3:26:46 PM javazoom.jlgui.basicplayer.BasicPlayer openLine
INFO: Pan Control : [-1.0,1.0] 0.0078125
Jun 19, 2016 3:26:46 PM javazoom.jlgui.basicplayer.BasicPlayer startPlayback
INFO: Creating new thread
Jun 19, 2016 3:26:46 PM javazoom.jlgui.basicplayer.BasicPlayer run
INFO: Thread Running
Jun 19, 2016 3:26:47 PM javazoom.jlgui.basicplayer.BasicPlayer closeStream
INFO: Stream closed
Jun 19, 2016 3:26:47 PM javazoom.jlgui.basicplayer.BasicPlayer closeStream
INFO: Stream closed
Jun 19, 2016 3:26:47 PM javazoom.jlgui.basicplayer.BasicPlayer stopPlayback
INFO: stopPlayback() completed
Jun 19, 2016 3:26:47 PM javazoom.jlgui.basicplayer.BasicPlayer run
INFO: Thread completed
Jun 19, 2016 3:26:47 PM javazoom.jlgui.basicplayer.BasicPlayer open
INFO: open(/Users/holawe/IngSoft-2016-HelloWorld/src/main/resources/default songs/Pink Panther Theme.mp3)
Jun 19, 2016 3:26:47 PM javazoom.jlgui.basicplayer.BasicPlayer createLine
INFO: Create Line
Jun 19, 2016 3:26:47 PM javazoom.jlgui.basicplayer.BasicPlayer createLine
INFO: Create Line : Source format : MPEG1L3 44100.0 Hz, unknown bits per sample, stereo, unknown frame size, 38.28125 frames/second, 
Jun 19, 2016 3:26:47 PM javazoom.jlgui.basicplayer.BasicPlayer createLine
INFO: Create Line : Target format: PCM_SIGNED 44100.0 Hz, 16 bit, stereo, 4 bytes/frame, little-endian
Jun 19, 2016 3:26:47 PM javazoom.jlgui.basicplayer.BasicPlayer createLine
INFO: Line : com.sun.media.sound.DirectAudioDevice$DirectSDL@56aea04d
Jun 19, 2016 3:26:47 PM javazoom.jlgui.basicplayer.BasicPlayer startPlayback
INFO: startPlayback called
Jun 19, 2016 3:26:47 PM javazoom.jlgui.basicplayer.BasicPlayer initLine
INFO: initLine()
Jun 19, 2016 3:26:47 PM javazoom.jlgui.basicplayer.BasicPlayer openLine
INFO: Open Line : BufferSize=88200
Jun 19, 2016 3:26:47 PM javazoom.jlgui.basicplayer.BasicPlayer openLine
INFO: Master Gain Control : [-80.0,6.0206] 0.625
Jun 19, 2016 3:26:47 PM javazoom.jlgui.basicplayer.BasicPlayer openLine
INFO: Pan Control : [-1.0,1.0] 0.0078125
Jun 19, 2016 3:26:47 PM javazoom.jlgui.basicplayer.BasicPlayer startPlayback
INFO: Creating new thread
Jun 19, 2016 3:26:47 PM javazoom.jlgui.basicplayer.BasicPlayer run
INFO: Thread Running
Jun 19, 2016 3:26:48 PM javazoom.jlgui.basicplayer.BasicPlayer closeStream
INFO: Stream closed
Jun 19, 2016 3:26:48 PM javazoom.jlgui.basicplayer.BasicPlayer closeStream
INFO: Stream closed
Jun 19, 2016 3:26:48 PM javazoom.jlgui.basicplayer.BasicPlayer stopPlayback
INFO: stopPlayback() completed
Jun 19, 2016 3:26:48 PM javazoom.jlgui.basicplayer.BasicPlayer run
INFO: Thread completed
]]></system-err>
</testsuite>
